<?xml version="1.0" encoding="UTF-8"?>
<testng-results ignored="0" total="1" passed="1" failed="0" skipped="0">
  <reporter-output>
  </reporter-output>
  <suite started-at="2023-03-14T01:30:38 IST" name="Default suite" finished-at="2023-03-14T01:30:38 IST" duration-ms="234">
    <groups>
    </groups>
    <test started-at="2023-03-14T01:30:38 IST" name="Default test" finished-at="2023-03-14T01:30:38 IST" duration-ms="234">
      <class name="ExtentReport.exreport">
        <test-method signature="script()[pri:0, instance:ExtentReport.exreport@2177849e]" started-at="2023-03-14T01:30:38 IST" name="script" finished-at="2023-03-14T01:30:38 IST" duration-ms="133" status="PASS">
          <reporter-output>
          </reporter-output>
        </test-method> <!-- script -->
      </class> <!-- ExtentReport.exreport -->
    </test> <!-- Default test -->
  </suite> <!-- Default suite -->
</testng-results>
